-------------------------------------------------------------------------------
Test set: com.org.userdetails.UserModuleApp.UserModuleAppApplicationTests
-------------------------------------------------------------------------------
Tests run: 1, Failures: 0, Errors: 1, Skipped: 0, Time elapsed: 0.149 s <<< FAILURE! -- in com.org.userdetails.UserModuleApp.UserModuleAppApplicationTests
com.org.userdetails.UserModuleApp.UserModuleAppApplicationTests.contextLoads -- Time elapsed: 0.003 s <<< ERROR!
java.lang.Error: 
Unresolved compilation problems: 
	The type java.lang.Object cannot be resolved. It is indirectly referenced from required .class files
	The type java.lang.String cannot be resolved. It is indirectly referenced from required type org.springframework.boot.test.context.SpringBootTest
	The type java.lang.Class cannot be resolved. It is indirectly referenced from required type org.springframework.boot.test.context.SpringBootTest
	Implicit super constructor Object() is undefined for default constructor. Must define an explicit constructor

	at com.org.userdetails.UserModuleApp.UserModuleAppApplicationTests.<init>(UserModuleAppApplicationTests.java:1)
	at java.base/java.lang.reflect.Constructor.newInstanceWithCaller(Constructor.java:502)
	at java.base/java.lang.reflect.Constructor.newInstance(Constructor.java:486)
	at java.base/java.util.Optional.orElseGet(Optional.java:364)
	at java.base/java.util.ArrayList.forEach(ArrayList.java:1597)
	at java.base/java.util.ArrayList.forEach(ArrayList.java:1597)

