<?xml version="1.0" encoding="UTF-8"?>
<testsuite xmlns:xsi="http://www.w3.org/2001/XMLSchema-instance" xsi:noNamespaceSchemaLocation="https://maven.apache.org/surefire/maven-surefire-plugin/xsd/surefire-test-report-3.0.xsd" version="3.0" name="com.org.userdetails.UserModuleApp.UserModuleAppApplicationTests" time="0.149" tests="1" errors="1" skipped="0" failures="0">
  <properties>
[...]
</properties>
  <testcase name="contextLoads" classname="com.org.userdetails.UserModuleApp.UserModuleAppApplicationTests" time="0.003">
    <error message="Unresolved compilation problems: &#10;	The type java.lang.Object cannot be resolved. It is indirectly referenced from required .class files&#10;	The type java.lang.String cannot be resolved. It is indirectly referenced from required type org.springframework.boot.test.context.SpringBootTest&#10;	The type java.lang.Class cannot be resolved. It is indirectly referenced from required type org.springframework.boot.test.context.SpringBootTest&#10;	Implicit super constructor Object() is undefined for default constructor. Must define an explicit constructor&#10;" type="java.lang.Error"><![CDATA[java.lang.Error: 
Unresolved compilation problems: 
	The type java.lang.Object cannot be resolved. It is indirectly referenced from required .class files
	The type java.lang.String cannot be resolved. It is indirectly referenced from required type org.springframework.boot.test.context.SpringBootTest
	The type java.lang.Class cannot be resolved. It is indirectly referenced from required type org.springframework.boot.test.context.SpringBootTest
	Implicit super constructor Object() is undefined for default constructor. Must define an explicit constructor

	at com.org.userdetails.UserModuleApp.UserModuleAppApplicationTests.<init>(UserModuleAppApplicationTests.java:1)
	at java.base/java.lang.reflect.Constructor.newInstanceWithCaller(Constructor.java:502)
	at java.base/java.lang.reflect.Constructor.newInstance(Constructor.java:486)
	at java.base/java.util.Optional.orElseGet(Optional.java:364)
	at java.base/java.util.ArrayList.forEach(ArrayList.java:1597)
	at java.base/java.util.ArrayList.forEach(ArrayList.java:1597)
]]></error>
    <system-out><![CDATA[22:13:02.028 [main] INFO org.springframework.test.context.support.AnnotationConfigContextLoaderUtils -- Could not detect default configuration classes for test class [com.org.userdetails.UserModuleApp.UserModuleAppApplicationTests]: UserModuleAppApplicationTests does not declare any static, non-private, non-final, nested classes annotated with @Configuration.
22:13:02.065 [main] INFO org.springframework.boot.test.context.SpringBootTestContextBootstrapper -- Found @SpringBootConfiguration com.org.userdetails.UserModuleAppApplication for test class com.org.userdetails.UserModuleApp.UserModuleAppApplicationTests
]]></system-out>
  </testcase>
</testsuite>